.\..\examples/authorizer/Debug\authorizer.bsc
.\..\examples/authorizer/Debug\authorizer.ilk
.\..\examples/authorizer/Debug\authorizer.pdb
C:\SOURCES\OS\PROJ.WIN32\OS-INSIGHT\FCGI-2.4.1\EXAMPLES\AUTHORIZER\DEBUG\AUTHORIZER.BSC
C:\SOURCES\OS\PROJ.WIN32\OS-INSIGHT\FCGI-2.4.1\EXAMPLES\AUTHORIZER\DEBUG\AUTHORIZER.EXE
C:\SOURCES\OS\PROJ.WIN32\OS-INSIGHT\FCGI-2.4.1\EXAMPLES\AUTHORIZER\DEBUG\AUTHORIZER.EXE.EMBED.MANIFEST
C:\SOURCES\OS\PROJ.WIN32\OS-INSIGHT\FCGI-2.4.1\EXAMPLES\AUTHORIZER\DEBUG\AUTHORIZER.EXE.EMBED.MANIFEST.RES
C:\SOURCES\OS\PROJ.WIN32\OS-INSIGHT\FCGI-2.4.1\EXAMPLES\AUTHORIZER\DEBUG\AUTHORIZER.EXE.INTERMEDIATE.MANIFEST
C:\SOURCES\OS\PROJ.WIN32\OS-INSIGHT\FCGI-2.4.1\EXAMPLES\AUTHORIZER\DEBUG\AUTHORIZER.ILK
C:\SOURCES\OS\PROJ.WIN32\OS-INSIGHT\FCGI-2.4.1\EXAMPLES\AUTHORIZER\DEBUG\AUTHORIZER.OBJ
C:\SOURCES\OS\PROJ.WIN32\OS-INSIGHT\FCGI-2.4.1\EXAMPLES\AUTHORIZER\DEBUG\AUTHORIZER.PDB
C:\SOURCES\OS\PROJ.WIN32\OS-INSIGHT\FCGI-2.4.1\EXAMPLES\AUTHORIZER\DEBUG\AUTHORIZER.SBR
C:\Sources\OS\proj.win32\os-insight\fcgi-2.4.1\examples\authorizer\Debug\authorizer.write.1.tlog
C:\Sources\OS\proj.win32\os-insight\fcgi-2.4.1\examples\authorizer\Debug\authorizer_manifest.rc
C:\Sources\OS\proj.win32\os-insight\fcgi-2.4.1\examples\authorizer\Debug\BscMake.command.1.tlog
C:\Sources\OS\proj.win32\os-insight\fcgi-2.4.1\examples\authorizer\Debug\bscmake.read.1.tlog
C:\Sources\OS\proj.win32\os-insight\fcgi-2.4.1\examples\authorizer\Debug\bscmake.write.1.tlog
C:\Sources\OS\proj.win32\os-insight\fcgi-2.4.1\examples\authorizer\Debug\cl.command.1.tlog
C:\Sources\OS\proj.win32\os-insight\fcgi-2.4.1\examples\authorizer\Debug\CL.read.1.tlog
C:\Sources\OS\proj.win32\os-insight\fcgi-2.4.1\examples\authorizer\Debug\CL.write.1.tlog
C:\Sources\OS\proj.win32\os-insight\fcgi-2.4.1\examples\authorizer\Debug\link.11968.read.1.tlog
C:\Sources\OS\proj.win32\os-insight\fcgi-2.4.1\examples\authorizer\Debug\link.11968.write.1.tlog
C:\Sources\OS\proj.win32\os-insight\fcgi-2.4.1\examples\authorizer\Debug\link.11968-cvtres.read.1.tlog
C:\Sources\OS\proj.win32\os-insight\fcgi-2.4.1\examples\authorizer\Debug\link.11968-cvtres.write.1.tlog
C:\Sources\OS\proj.win32\os-insight\fcgi-2.4.1\examples\authorizer\Debug\link.command.1.tlog
C:\Sources\OS\proj.win32\os-insight\fcgi-2.4.1\examples\authorizer\Debug\link.read.1.tlog
C:\Sources\OS\proj.win32\os-insight\fcgi-2.4.1\examples\authorizer\Debug\link.write.1.tlog
C:\Sources\OS\proj.win32\os-insight\fcgi-2.4.1\examples\authorizer\Debug\link-cvtres.read.1.tlog
C:\Sources\OS\proj.win32\os-insight\fcgi-2.4.1\examples\authorizer\Debug\link-cvtres.write.1.tlog
C:\Sources\OS\proj.win32\os-insight\fcgi-2.4.1\examples\authorizer\Debug\mt.command.1.tlog
C:\Sources\OS\proj.win32\os-insight\fcgi-2.4.1\examples\authorizer\Debug\mt.read.1.tlog
C:\Sources\OS\proj.win32\os-insight\fcgi-2.4.1\examples\authorizer\Debug\mt.write.1.tlog
C:\Sources\OS\proj.win32\os-insight\fcgi-2.4.1\examples\authorizer\Debug\rc.command.1.tlog
C:\Sources\OS\proj.win32\os-insight\fcgi-2.4.1\examples\authorizer\Debug\rc.read.1.tlog
C:\Sources\OS\proj.win32\os-insight\fcgi-2.4.1\examples\authorizer\Debug\rc.write.1.tlog
C:\Sources\OS\proj.win32\os-insight\fcgi-2.4.1\examples\authorizer\Debug\vc100.idb
C:\SOURCES\OS\PROJ.WIN32\OS-INSIGHT\FCGI-2.4.1\EXAMPLES\AUTHORIZER\DEBUG\VC100.PDB
C:\Sources\OS\proj.win32\os-insight\fcgi-2.4.1\Win32\.\..\examples/authorizer/Debug\authorizer.exe
C:\Sources\OS\proj.win32\os-insight\fcgi-2.4.1\Win32\.\..\examples/authorizer/Debug\authorizer.exe.intermediate.manifest
