.\Debug\config_h.pdb
C:\SOURCES\OS\PROJ.WIN32\OS-INSIGHT\FCGI-2.4.1\INCLUDE\FCGI_CONFIG.H
C:\Sources\OS\proj.win32\os-insight\fcgi-2.4.1\Win32\.\Debug\config_h.exe.intermediate.manifest
C:\Sources\OS\proj.win32\os-insight\fcgi-2.4.1\Win32\Debug\config_h.exe.embed.manifest
C:\SOURCES\OS\PROJ.WIN32\OS-INSIGHT\FCGI-2.4.1\WIN32\DEBUG\CONFIG_H.EXE.EMBED.MANIFEST.RES
C:\Sources\OS\proj.win32\os-insight\fcgi-2.4.1\Win32\Debug\config_h.exe.intermediate.manifest
C:\Sources\OS\proj.win32\os-insight\fcgi-2.4.1\Win32\Debug\config_h.pdb
C:\Sources\OS\proj.win32\os-insight\fcgi-2.4.1\Win32\Debug\config_h.write.1.tlog
C:\Sources\OS\proj.win32\os-insight\fcgi-2.4.1\Win32\Debug\config_h_manifest.rc
C:\Sources\OS\proj.win32\os-insight\fcgi-2.4.1\Win32\Debug\custombuild.command.1.tlog
C:\Sources\OS\proj.win32\os-insight\fcgi-2.4.1\Win32\Debug\custombuild.read.1.tlog
C:\Sources\OS\proj.win32\os-insight\fcgi-2.4.1\Win32\Debug\custombuild.write.1.tlog
C:\Sources\OS\proj.win32\os-insight\fcgi-2.4.1\Win32\Debug\link.command.1.tlog
C:\Sources\OS\proj.win32\os-insight\fcgi-2.4.1\Win32\Debug\link.read.1.tlog
C:\Sources\OS\proj.win32\os-insight\fcgi-2.4.1\Win32\Debug\link.write.1.tlog
C:\Sources\OS\proj.win32\os-insight\fcgi-2.4.1\Win32\Debug\link-cvtres.read.1.tlog
C:\Sources\OS\proj.win32\os-insight\fcgi-2.4.1\Win32\Debug\link-cvtres.write.1.tlog
C:\Sources\OS\proj.win32\os-insight\fcgi-2.4.1\Win32\Debug\rc.command.1.tlog
C:\Sources\OS\proj.win32\os-insight\fcgi-2.4.1\Win32\Debug\rc.read.1.tlog
C:\Sources\OS\proj.win32\os-insight\fcgi-2.4.1\Win32\Debug\rc.write.1.tlog
