.\..\libfcgi\Debug\libfcgi.bsc
C:\Sources\OS\proj.win32\os-insight\fcgi-2.4.1\libfcgi\Debug\BscMake.command.1.tlog
C:\Sources\OS\proj.win32\os-insight\fcgi-2.4.1\libfcgi\Debug\bscmake.read.1.tlog
C:\Sources\OS\proj.win32\os-insight\fcgi-2.4.1\libfcgi\Debug\bscmake.write.1.tlog
C:\Sources\OS\proj.win32\os-insight\fcgi-2.4.1\libfcgi\Debug\cl.command.1.tlog
C:\Sources\OS\proj.win32\os-insight\fcgi-2.4.1\libfcgi\Debug\CL.read.1.tlog
C:\Sources\OS\proj.win32\os-insight\fcgi-2.4.1\libfcgi\Debug\CL.write.1.tlog
C:\SOURCES\OS\PROJ.WIN32\OS-INSIGHT\FCGI-2.4.1\LIBFCGI\DEBUG\FCGI_STDIO.OBJ
C:\SOURCES\OS\PROJ.WIN32\OS-INSIGHT\FCGI-2.4.1\LIBFCGI\DEBUG\FCGI_STDIO.SBR
C:\SOURCES\OS\PROJ.WIN32\OS-INSIGHT\FCGI-2.4.1\LIBFCGI\DEBUG\FCGIAPP.OBJ
C:\SOURCES\OS\PROJ.WIN32\OS-INSIGHT\FCGI-2.4.1\LIBFCGI\DEBUG\FCGIAPP.SBR
C:\SOURCES\OS\PROJ.WIN32\OS-INSIGHT\FCGI-2.4.1\LIBFCGI\DEBUG\FCGIO.OBJ
C:\SOURCES\OS\PROJ.WIN32\OS-INSIGHT\FCGI-2.4.1\LIBFCGI\DEBUG\FCGIO.SBR
C:\Sources\OS\proj.win32\os-insight\fcgi-2.4.1\libfcgi\Debug\lib.command.1.tlog
C:\SOURCES\OS\PROJ.WIN32\OS-INSIGHT\FCGI-2.4.1\LIBFCGI\DEBUG\LIBFCGI.BSC
C:\SOURCES\OS\PROJ.WIN32\OS-INSIGHT\FCGI-2.4.1\LIBFCGI\DEBUG\LIBFCGI.LIB
C:\Sources\OS\proj.win32\os-insight\fcgi-2.4.1\libfcgi\Debug\libfcgi.write.1.tlog
C:\Sources\OS\proj.win32\os-insight\fcgi-2.4.1\libfcgi\Debug\Lib-link.read.1.tlog
C:\Sources\OS\proj.win32\os-insight\fcgi-2.4.1\libfcgi\Debug\Lib-link.write.1.tlog
C:\SOURCES\OS\PROJ.WIN32\OS-INSIGHT\FCGI-2.4.1\LIBFCGI\DEBUG\OS_WIN32.OBJ
C:\SOURCES\OS\PROJ.WIN32\OS-INSIGHT\FCGI-2.4.1\LIBFCGI\DEBUG\OS_WIN32.SBR
C:\Sources\OS\proj.win32\os-insight\fcgi-2.4.1\libfcgi\Debug\vc100.idb
C:\SOURCES\OS\PROJ.WIN32\OS-INSIGHT\FCGI-2.4.1\LIBFCGI\DEBUG\VC100.PDB
C:\Sources\OS\proj.win32\os-insight\fcgi-2.4.1\Win32\.\..\libfcgi\Debug\libfcgi.lib
